2024-01-03T15:41:56+0100 systemd[1]: Started snap.default-config-test-farshidtz.hook.install-0efd73cc-8ff2-4cc5-bc55-581960a8cec2.scope.
2024-01-03T15:41:56+0100 default-config-test-farshidtz.hook.install[37015]: Setting default configuration
2024-01-03T15:41:56+0100 default-config-test-farshidtz.hook.install[37026]: done!
2024-01-03T15:41:56+0100 systemd[1]: snap.default-config-test-farshidtz.hook.install-0efd73cc-8ff2-4cc5-bc55-581960a8cec2.scope: Deactivated successfully.
2024-01-03T15:41:56+0100 systemd[1]: Started snap.default-config-test-farshidtz.hook.default-configure-aa57a3d1-ee3f-4a72-aca7-3ba17db7fac1.scope.
2024-01-03T15:41:56+0100 default-config-test-farshidtz.hook.default-configure[37053]: debug: install hook
2024-01-03T15:41:56+0100 default-config-test-farshidtz.hook.default-configure[37059]: autostart: default-configure-hook
2024-01-03T15:41:56+0100 default-config-test-farshidtz.hook.default-configure[37065]: Starting and enabling services.
2024-01-03T15:41:57+0100 systemd[1]: Starting snap.default-config-test-farshidtz.setup.service - Service for snap application default-config-test-farshidtz.setup...
2024-01-03T15:41:57+0100 default-config-test-farshidtz.setup[37099]: debug: install hookconfigure-hook'
2024-01-03T15:41:57+0100 default-config-test-farshidtz.setup[37099]: autostart: default-configure-hook
2024-01-03T15:41:57+0100 default-config-test-farshidtz.setup[37099]: doing some one-time setup work...
2024-01-03T15:41:57+0100 default-config-test-farshidtz.setup[37099]: + sleep 3
2024-01-03T15:42:00+0100 default-config-test-farshidtz.setup[37099]: + echo 'done!'
2024-01-03T15:42:00+0100 default-config-test-farshidtz.setup[37099]: done!
2024-01-03T15:42:00+0100 systemd[1]: snap.default-config-test-farshidtz.setup.service: Deactivated successfully.
2024-01-03T15:42:00+0100 systemd[1]: Finished snap.default-config-test-farshidtz.setup.service - Service for snap application default-config-test-farshidtz.setup.
2024-01-03T15:42:00+0100 systemd[1]: Started snap.default-config-test-farshidtz.my-app.service - Service for snap application default-config-test-farshidtz.my-app.
2024-01-03T15:42:00+0100 default-config-test-farshidtz.my-app[37153]: debug: install hook
2024-01-03T15:42:00+0100 default-config-test-farshidtz.hook.default-configure[37181]: done!
2024-01-03T15:42:00+0100 systemd[1]: snap.default-config-test-farshidtz.hook.default-configure-aa57a3d1-ee3f-4a72-aca7-3ba17db7fac1.scope: Deactivated successfully.
2024-01-03T15:42:00+0100 default-config-test-farshidtz.my-app[37153]: autostart: default-configure-hook
2024-01-03T15:42:00+0100 default-config-test-farshidtz.my-app[37153]: My app: 1
2024-01-03T15:42:01+0100 systemd[1]: Starting snap.default-config-test-farshidtz.setup.service - Service for snap application default-config-test-farshidtz.setup...
2024-01-03T15:42:01+0100 default-config-test-farshidtz.setup[37236]: ++ snapctl get debug
2024-01-03T15:42:01+0100 default-config-test-farshidtz.setup[37215]: + echo 'debug: install hook'
2024-01-03T15:42:01+0100 default-config-test-farshidtz.setup[37215]: debug: install hook
2024-01-03T15:42:01+0100 default-config-test-farshidtz.setup[37241]: ++ snapctl get autostart
2024-01-03T15:42:01+0100 default-config-test-farshidtz.setup[37215]: + echo 'autostart: default-configure-hook'
2024-01-03T15:42:01+0100 default-config-test-farshidtz.setup[37215]: autostart: default-configure-hook
2024-01-03T15:42:01+0100 default-config-test-farshidtz.setup[37215]: + echo 'doing some one-time setup work...'
2024-01-03T15:42:01+0100 default-config-test-farshidtz.setup[37215]: doing some one-time setup work...
2024-01-03T15:42:01+0100 default-config-test-farshidtz.setup[37215]: + sleep 3
2024-01-03T15:42:01+0100 default-config-test-farshidtz.my-app[37153]: My app: 2
2024-01-03T15:42:02+0100 default-config-test-farshidtz.my-app[37153]: My app: 3
2024-01-03T15:42:03+0100 default-config-test-farshidtz.my-app[37153]: My app: 4
2024-01-03T15:42:04+0100 default-config-test-farshidtz.setup[37215]: + echo 'done!'
2024-01-03T15:42:04+0100 default-config-test-farshidtz.setup[37215]: done!
2024-01-03T15:42:04+0100 systemd[1]: snap.default-config-test-farshidtz.setup.service: Deactivated successfully.
2024-01-03T15:42:04+0100 systemd[1]: Finished snap.default-config-test-farshidtz.setup.service - Service for snap application default-config-test-farshidtz.setup.
2024-01-03T15:42:04+0100 systemd[1]: Started snap.default-config-test-farshidtz.hook.configure-10bb6280-4337-44d6-8c0c-15b400c95d54.scope.
2024-01-03T15:42:04+0100 default-config-test-farshidtz.hook.configure[37300]: debug: install hook
2024-01-03T15:42:04+0100 default-config-test-farshidtz.hook.configure[37306]: autostart: default-configure-hook
2024-01-03T15:42:04+0100 default-config-test-farshidtz.hook.configure[37312]: done!
2024-01-03T15:42:04+0100 systemd[1]: snap.default-config-test-farshidtz.hook.configure-10bb6280-4337-44d6-8c0c-15b400c95d54.scope: Deactivated successfully.
2024-01-03T15:42:04+0100 default-config-test-farshidtz.my-app[37153]: My app: 5
2024-01-03T15:42:05+0100 default-config-test-farshidtz.my-app[37153]: My app: 6
2024-01-03T15:42:06+0100 default-config-test-farshidtz.my-app[37153]: My app: 7
2024-01-03T15:42:07+0100 default-config-test-farshidtz.my-app[37153]: My app: 8
2024-01-03T15:42:08+0100 default-config-test-farshidtz.my-app[37153]: My app: 9
2024-01-03T15:42:09+0100 default-config-test-farshidtz.my-app[37153]: My app: 10
2024-01-03T15:42:10+0100 default-config-test-farshidtz.my-app[37153]: done!
2024-01-03T15:42:10+0100 systemd[1]: snap.default-config-test-farshidtz.my-app.service: Deactivated successfully.
